<?xml version="1.0" encoding="UTF-8"?>
<testsuites name="Main Suites" time="27.516" tests="17" failures="0" errors="0">
   <testsuite name="Main Suites" tests="17" failures="0" errors="0" time="27.516" skipped="0" timestamp="2021-08-30 17:40:25" hostname="William FM - ITAM-MFB-180044.visionet.co.id" id="Test Suites/Main Suites">
      <properties>
         <property name="deviceName" value=""/>
         <property name="devicePlatform" value=""/>
         <property name="logFolder" value="D:\\QA training\\Git\\Big Project\\BP_API_ORANGE_HRM\\BP_Orange_HRM_API\\Reports\\20210830_174011\\Main Suites\\20210830_174011"/>
         <property name="logFiles" value="D:\\QA training\\Git\\Big Project\\BP_API_ORANGE_HRM\\BP_Orange_HRM_API\\Reports\\20210830_174011\\Main Suites\\20210830_174011\\execution0.log"/>
         <property name="attachments" value=""/>
         <property name="hostName" value="William FM - ITAM-MFB-180044.visionet.co.id"/>
         <property name="hostAddress" value="192.168.189.1"/>
         <property name="os" value="Windows 10 64bit"/>
         <property name="katalonVersion" value="8.1.0.208"/>
      </properties>
      <testcase name="Test Cases/Admin/Get Organization Information" time="4.002" classname="Test Cases/Admin/Get Organization Information" status="PASSED">
         <system-out><![CDATA[2021-08-30 17:40:26 - [TEST_CASE][PASSED] - Test Cases/Admin/Get Organization Information: Test Cases/Admin/Get Organization Information

2021-08-30 17:40:27 - [TEST_STEP][PASSED] - response = sendRequest(findTestObject("Admin/Get Organizations")): Send request successfully

2021-08-30 17:40:30 - [MESSAGE][INFO] - HAR: D:\QA training\Git\Big Project\BP_API_ORANGE_HRM\BP_Orange_HRM_API\Reports\20210830_174011\Main Suites\20210830_174011\requests\main\0.har

2021-08-30 17:40:30 - [MESSAGE][PASSED] - Send request successfully

2021-08-30 17:40:30 - [TEST_STEP][PASSED] - verifyResponseStatusCode(response, 200): Verify response status code successfully

2021-08-30 17:40:30 - [MESSAGE][PASSED] - Verify response status code successfully

2021-08-30 17:40:30 - [TEST_STEP][PASSED] - verifyElementPropertyValue(response, "data.name", "Sekolah QA"): Verify element property value successfully

2021-08-30 17:40:30 - [MESSAGE][PASSED] - Verify element property value successfully

2021-08-30 17:40:30 - [TEST_STEP][PASSED] - verifyElementPropertyValue(response, "data.id", 1): Verify element property value successfully

2021-08-30 17:40:30 - [MESSAGE][PASSED] - Verify element property value successfully]]></system-out>
         <system-err><![CDATA[]]></system-err>
      </testcase>
      <testcase name="Test Cases/Admin/Get User" time="0.915" classname="Test Cases/Admin/Get User" status="PASSED">
         <system-out><![CDATA[2021-08-30 17:40:30 - [TEST_CASE][PASSED] - Test Cases/Admin/Get User: Test Cases/Admin/Get User

2021-08-30 17:40:30 - [TEST_STEP][PASSED] - response = sendRequest(findTestObject("Admin/Get Users")): Send request successfully

2021-08-30 17:40:31 - [MESSAGE][INFO] - HAR: D:\QA training\Git\Big Project\BP_API_ORANGE_HRM\BP_Orange_HRM_API\Reports\20210830_174011\Main Suites\20210830_174011\requests\main\1.har

2021-08-30 17:40:31 - [MESSAGE][PASSED] - Send request successfully

2021-08-30 17:40:31 - [TEST_STEP][PASSED] - verifyResponseStatusCode(response, 200): Verify response status code successfully

2021-08-30 17:40:31 - [MESSAGE][PASSED] - Verify response status code successfully

2021-08-30 17:40:31 - [TEST_STEP][PASSED] - verifyElementPropertyValue(response, "data[0].employeeName", "Zidan Aqila Muhammad"): Verify element property value successfully

2021-08-30 17:40:31 - [MESSAGE][PASSED] - Verify element property value successfully

2021-08-30 17:40:31 - [TEST_STEP][PASSED] - verifyElementPropertyValue(response, "data[1].employeeName", "asdw sasd ok"): Verify element property value successfully

2021-08-30 17:40:31 - [MESSAGE][PASSED] - Verify element property value successfully]]></system-out>
         <system-err><![CDATA[]]></system-err>
      </testcase>
      <testcase name="Test Cases/Admin/User Login Empty Password" time="3.796" classname="Test Cases/Admin/User Login Empty Password" status="PASSED">
         <system-out><![CDATA[2021-08-30 17:40:31 - [TEST_CASE][PASSED] - Test Cases/Admin/User Login Empty Password: Test Cases/Admin/User Login Empty Password

2021-08-30 17:40:31 - [TEST_STEP][PASSED] - response = sendRequest(findTestObject("Admin/User Login", ["username":username, "password":""])): Send request successfully

2021-08-30 17:40:35 - [MESSAGE][INFO] - HAR: D:\QA training\Git\Big Project\BP_API_ORANGE_HRM\BP_Orange_HRM_API\Reports\20210830_174011\Main Suites\20210830_174011\requests\main\2.har

2021-08-30 17:40:35 - [MESSAGE][PASSED] - Send request successfully

2021-08-30 17:40:35 - [TEST_STEP][PASSED] - verifyResponseStatusCode(response, 202): Verify response status code successfully

2021-08-30 17:40:35 - [MESSAGE][PASSED] - Verify response status code successfully

2021-08-30 17:40:35 - [TEST_STEP][PASSED] - verifyElementPropertyValue(response, "error.text", "password must not be empty"): Verify element property value successfully

2021-08-30 17:40:35 - [MESSAGE][PASSED] - Verify element property value successfully]]></system-out>
         <system-err><![CDATA[]]></system-err>
      </testcase>
      <testcase name="Test Cases/Admin/User Login Empty Username" time="0.802" classname="Test Cases/Admin/User Login Empty Username" status="PASSED">
         <system-out><![CDATA[2021-08-30 17:40:35 - [TEST_CASE][PASSED] - Test Cases/Admin/User Login Empty Username: Test Cases/Admin/User Login Empty Username

2021-08-30 17:40:35 - [TEST_STEP][PASSED] - response = sendRequest(findTestObject("Admin/User Login", ["username":"", "password":password])): Send request successfully

2021-08-30 17:40:35 - [MESSAGE][INFO] - HAR: D:\QA training\Git\Big Project\BP_API_ORANGE_HRM\BP_Orange_HRM_API\Reports\20210830_174011\Main Suites\20210830_174011\requests\main\3.har

2021-08-30 17:40:35 - [MESSAGE][PASSED] - Send request successfully

2021-08-30 17:40:35 - [TEST_STEP][PASSED] - verifyResponseStatusCode(response, 202): Verify response status code successfully

2021-08-30 17:40:35 - [MESSAGE][PASSED] - Verify response status code successfully

2021-08-30 17:40:35 - [TEST_STEP][PASSED] - verifyElementPropertyValue(response, "error.text", "username must not be empty"): Verify element property value successfully

2021-08-30 17:40:35 - [MESSAGE][PASSED] - Verify element property value successfully]]></system-out>
         <system-err><![CDATA[]]></system-err>
      </testcase>
      <testcase name="Test Cases/Admin/User Login Empty" time="0.685" classname="Test Cases/Admin/User Login Empty" status="PASSED">
         <system-out><![CDATA[2021-08-30 17:40:36 - [TEST_CASE][PASSED] - Test Cases/Admin/User Login Empty: Test Cases/Admin/User Login Empty

2021-08-30 17:40:36 - [TEST_STEP][PASSED] - response = sendRequest(findTestObject("Admin/User Login", ["username":"", "password":""])): Send request successfully

2021-08-30 17:40:36 - [MESSAGE][INFO] - HAR: D:\QA training\Git\Big Project\BP_API_ORANGE_HRM\BP_Orange_HRM_API\Reports\20210830_174011\Main Suites\20210830_174011\requests\main\4.har

2021-08-30 17:40:36 - [MESSAGE][PASSED] - Send request successfully

2021-08-30 17:40:36 - [TEST_STEP][PASSED] - verifyResponseStatusCode(response, 202): Verify response status code successfully

2021-08-30 17:40:36 - [MESSAGE][PASSED] - Verify response status code successfully

2021-08-30 17:40:36 - [TEST_STEP][PASSED] - verifyElementPropertyValue(response, "error.text", "username must not be empty"): Verify element property value successfully

2021-08-30 17:40:36 - [MESSAGE][PASSED] - Verify element property value successfully]]></system-out>
         <system-err><![CDATA[]]></system-err>
      </testcase>
      <testcase name="Test Cases/Admin/User Login Invalid Password" time="0.915" classname="Test Cases/Admin/User Login Invalid Password" status="PASSED">
         <system-out><![CDATA[2021-08-30 17:40:36 - [TEST_CASE][PASSED] - Test Cases/Admin/User Login Invalid Password: Test Cases/Admin/User Login Invalid Password

2021-08-30 17:40:36 - [TEST_STEP][PASSED] - response = sendRequest(findTestObject("Admin/User Login", ["username":username, "password":inpassword])): Send request successfully

2021-08-30 17:40:37 - [MESSAGE][INFO] - HAR: D:\QA training\Git\Big Project\BP_API_ORANGE_HRM\BP_Orange_HRM_API\Reports\20210830_174011\Main Suites\20210830_174011\requests\main\5.har

2021-08-30 17:40:37 - [MESSAGE][PASSED] - Send request successfully

2021-08-30 17:40:37 - [TEST_STEP][PASSED] - verifyResponseStatusCode(response, 202): Verify response status code successfully

2021-08-30 17:40:37 - [MESSAGE][PASSED] - Verify response status code successfully

2021-08-30 17:40:37 - [TEST_STEP][PASSED] - verifyElementPropertyValue(response, "error.text", "Credentials Are Wrong Please Try Again"): Verify element property value successfully

2021-08-30 17:40:37 - [MESSAGE][PASSED] - Verify element property value successfully]]></system-out>
         <system-err><![CDATA[]]></system-err>
      </testcase>
      <testcase name="Test Cases/Admin/User Login Invalid Username" time="0.628" classname="Test Cases/Admin/User Login Invalid Username" status="PASSED">
         <system-out><![CDATA[2021-08-30 17:40:37 - [TEST_CASE][PASSED] - Test Cases/Admin/User Login Invalid Username: Test Cases/Admin/User Login Invalid Username

2021-08-30 17:40:37 - [TEST_STEP][PASSED] - response = sendRequest(findTestObject("Admin/User Login", ["username":inusername, "password":password])): Send request successfully

2021-08-30 17:40:38 - [MESSAGE][INFO] - HAR: D:\QA training\Git\Big Project\BP_API_ORANGE_HRM\BP_Orange_HRM_API\Reports\20210830_174011\Main Suites\20210830_174011\requests\main\6.har

2021-08-30 17:40:38 - [MESSAGE][PASSED] - Send request successfully

2021-08-30 17:40:38 - [TEST_STEP][PASSED] - verifyResponseStatusCode(response, 202): Verify response status code successfully

2021-08-30 17:40:38 - [MESSAGE][PASSED] - Verify response status code successfully

2021-08-30 17:40:38 - [TEST_STEP][PASSED] - verifyElementPropertyValue(response, "error.text", "Credentials Are Wrong Please Try Again"): Verify element property value successfully

2021-08-30 17:40:38 - [MESSAGE][PASSED] - Verify element property value successfully]]></system-out>
         <system-err><![CDATA[]]></system-err>
      </testcase>
      <testcase name="Test Cases/Admin/User Login" time="1.034" classname="Test Cases/Admin/User Login" status="PASSED">
         <system-out><![CDATA[2021-08-30 17:40:38 - [TEST_CASE][PASSED] - Test Cases/Admin/User Login: Test Cases/Admin/User Login

2021-08-30 17:40:38 - [TEST_STEP][PASSED] - response = sendRequest(findTestObject("Admin/User Login")): Send request successfully

2021-08-30 17:40:39 - [MESSAGE][INFO] - HAR: D:\QA training\Git\Big Project\BP_API_ORANGE_HRM\BP_Orange_HRM_API\Reports\20210830_174011\Main Suites\20210830_174011\requests\main\7.har

2021-08-30 17:40:39 - [MESSAGE][PASSED] - Send request successfully

2021-08-30 17:40:39 - [TEST_STEP][PASSED] - verifyResponseStatusCode(response, 200): Verify response status code successfully

2021-08-30 17:40:39 - [MESSAGE][PASSED] - Verify response status code successfully

2021-08-30 17:40:39 - [TEST_STEP][PASSED] - verifyElementPropertyValue(response, "user.userRole", "Admin"): Verify element property value successfully

2021-08-30 17:40:39 - [MESSAGE][PASSED] - Verify element property value successfully

2021-08-30 17:40:39 - [TEST_STEP][PASSED] - verifyElementPropertyValue(response, "user.status", "Enabled"): Verify element property value successfully

2021-08-30 17:40:39 - [MESSAGE][PASSED] - Verify element property value successfully

2021-08-30 17:40:39 - [TEST_STEP][PASSED] - verifyElementPropertyValue(response, "user.employeeName", "Zidan Aqila Muhammad"): Verify element property value successfully

2021-08-30 17:40:39 - [MESSAGE][PASSED] - Verify element property value successfully]]></system-out>
         <system-err><![CDATA[]]></system-err>
      </testcase>
      <testcase name="Test Cases/Attandance/Punch In Empty" time="3.699" classname="Test Cases/Attandance/Punch In Empty" status="PASSED">
         <system-out><![CDATA[2021-08-30 17:40:39 - [TEST_CASE][PASSED] - Test Cases/Attandance/Punch In Empty: Test Cases/Attandance/Punch In Empty

2021-08-30 17:40:39 - [TEST_STEP][PASSED] - response = sendRequest(findTestObject("Attendance/Punch In", ["timezone":"", "note":"", "datetime":""])): Send request successfully

2021-08-30 17:40:42 - [MESSAGE][INFO] - HAR: D:\QA training\Git\Big Project\BP_API_ORANGE_HRM\BP_Orange_HRM_API\Reports\20210830_174011\Main Suites\20210830_174011\requests\main\8.har

2021-08-30 17:40:42 - [MESSAGE][PASSED] - Send request successfully

2021-08-30 17:40:42 - [TEST_STEP][PASSED] - verifyResponseStatusCode(response, 202): Verify response status code successfully

2021-08-30 17:40:42 - [MESSAGE][PASSED] - Verify response status code successfully

2021-08-30 17:40:42 - [TEST_STEP][PASSED] - verifyElementPropertyValue(response, "success", "null"): Verify element property value successfully

2021-08-30 17:40:42 - [MESSAGE][PASSED] - Verify element property value successfully]]></system-out>
         <system-err><![CDATA[]]></system-err>
      </testcase>
      <testcase name="Test Cases/Attandance/Punch In" time="0.676" classname="Test Cases/Attandance/Punch In" status="PASSED">
         <system-out><![CDATA[2021-08-30 17:40:42 - [TEST_CASE][PASSED] - Test Cases/Attandance/Punch In: Test Cases/Attandance/Punch In

2021-08-30 17:40:43 - [TEST_STEP][PASSED] - response = sendRequest(findTestObject("Attendance/Punch In", ["timezone":timezone, "note":notePi, "datetime":datetime])): Send request successfully

2021-08-30 17:40:43 - [MESSAGE][INFO] - HAR: D:\QA training\Git\Big Project\BP_API_ORANGE_HRM\BP_Orange_HRM_API\Reports\20210830_174011\Main Suites\20210830_174011\requests\main\9.har

2021-08-30 17:40:43 - [MESSAGE][PASSED] - Send request successfully

2021-08-30 17:40:43 - [TEST_STEP][PASSED] - verifyResponseStatusCode(response, 200): Verify response status code successfully

2021-08-30 17:40:43 - [MESSAGE][PASSED] - Verify response status code successfully

2021-08-30 17:40:43 - [TEST_STEP][PASSED] - verifyElementPropertyValue(response, "success", "Successfully Punched In"): Verify element property value successfully

2021-08-30 17:40:43 - [MESSAGE][PASSED] - Verify element property value successfully]]></system-out>
         <system-err><![CDATA[]]></system-err>
      </testcase>
      <testcase name="Test Cases/Attandance/Punch Out Empty" time="0.757" classname="Test Cases/Attandance/Punch Out Empty" status="PASSED">
         <system-out><![CDATA[2021-08-30 17:40:43 - [TEST_CASE][PASSED] - Test Cases/Attandance/Punch Out Empty: Test Cases/Attandance/Punch Out Empty

2021-08-30 17:40:43 - [TEST_STEP][PASSED] - response = sendRequest(findTestObject("Attendance/Punch Out", ["timezone":"", "note":"", "datetime":""])): Send request successfully

2021-08-30 17:40:44 - [MESSAGE][INFO] - HAR: D:\QA training\Git\Big Project\BP_API_ORANGE_HRM\BP_Orange_HRM_API\Reports\20210830_174011\Main Suites\20210830_174011\requests\main\10.har

2021-08-30 17:40:44 - [MESSAGE][PASSED] - Send request successfully

2021-08-30 17:40:44 - [TEST_STEP][PASSED] - verifyResponseStatusCode(response, 202): Verify response status code successfully

2021-08-30 17:40:44 - [MESSAGE][PASSED] - Verify response status code successfully

2021-08-30 17:40:44 - [TEST_STEP][PASSED] - verifyElementPropertyValue(response, "success", "null"): Verify element property value successfully

2021-08-30 17:40:44 - [MESSAGE][PASSED] - Verify element property value successfully]]></system-out>
         <system-err><![CDATA[]]></system-err>
      </testcase>
      <testcase name="Test Cases/Attandance/Punch Out" time="1.071" classname="Test Cases/Attandance/Punch Out" status="PASSED">
         <system-out><![CDATA[2021-08-30 17:40:44 - [TEST_CASE][PASSED] - Test Cases/Attandance/Punch Out: Test Cases/Attandance/Punch Out

2021-08-30 17:40:44 - [TEST_STEP][PASSED] - response = sendRequest(findTestObject("Attendance/Punch Out", ["timezone":timezone, "note":notePi, "datetime":datetime])): Send request successfully

2021-08-30 17:40:45 - [MESSAGE][INFO] - HAR: D:\QA training\Git\Big Project\BP_API_ORANGE_HRM\BP_Orange_HRM_API\Reports\20210830_174011\Main Suites\20210830_174011\requests\main\11.har

2021-08-30 17:40:45 - [MESSAGE][PASSED] - Send request successfully

2021-08-30 17:40:45 - [TEST_STEP][PASSED] - verifyResponseStatusCode(response, 200): Verify response status code successfully

2021-08-30 17:40:45 - [MESSAGE][PASSED] - Verify response status code successfully

2021-08-30 17:40:45 - [TEST_STEP][PASSED] - verifyElementPropertyValue(response, "success", "Successfully Punched Out"): Verify element property value successfully

2021-08-30 17:40:45 - [MESSAGE][PASSED] - Verify element property value successfully]]></system-out>
         <system-err><![CDATA[]]></system-err>
      </testcase>
      <testcase name="Test Cases/Employee/Employee Detail Id Not List" time="1.078" classname="Test Cases/Employee/Employee Detail Id Not List" status="PASSED">
         <system-out><![CDATA[2021-08-30 17:40:45 - [TEST_CASE][PASSED] - Test Cases/Employee/Employee Detail Id Not List: Test Cases/Employee/Employee Detail Id Not List

2021-08-30 17:40:45 - [TEST_STEP][PASSED] - response = sendRequest(findTestObject("Employee/Employee Detail", ["id":inid])): Send request successfully

2021-08-30 17:40:46 - [MESSAGE][INFO] - HAR: D:\QA training\Git\Big Project\BP_API_ORANGE_HRM\BP_Orange_HRM_API\Reports\20210830_174011\Main Suites\20210830_174011\requests\main\12.har

2021-08-30 17:40:46 - [MESSAGE][PASSED] - Send request successfully

2021-08-30 17:40:46 - [TEST_STEP][PASSED] - verifyResponseStatusCode(response, 404): Verify response status code successfully

2021-08-30 17:40:46 - [MESSAGE][PASSED] - Verify response status code successfully

2021-08-30 17:40:46 - [TEST_STEP][PASSED] - verifyElementPropertyValue(response, "error.text", "Employee Not Found"): Verify element property value successfully

2021-08-30 17:40:46 - [MESSAGE][PASSED] - Verify element property value successfully]]></system-out>
         <system-err><![CDATA[]]></system-err>
      </testcase>
      <testcase name="Test Cases/Employee/Employee Detail" time="0.795" classname="Test Cases/Employee/Employee Detail" status="PASSED">
         <system-out><![CDATA[2021-08-30 17:40:46 - [TEST_CASE][PASSED] - Test Cases/Employee/Employee Detail: Test Cases/Employee/Employee Detail

2021-08-30 17:40:46 - [TEST_STEP][PASSED] - response = sendRequest(findTestObject("Employee/Employee Detail", ["tokenaut":tokenaut, "url":url, "id":id])): Send request successfully

2021-08-30 17:40:47 - [MESSAGE][INFO] - HAR: D:\QA training\Git\Big Project\BP_API_ORANGE_HRM\BP_Orange_HRM_API\Reports\20210830_174011\Main Suites\20210830_174011\requests\main\13.har

2021-08-30 17:40:47 - [MESSAGE][PASSED] - Send request successfully

2021-08-30 17:40:47 - [TEST_STEP][PASSED] - verifyResponseStatusCode(response, 200): Verify response status code successfully

2021-08-30 17:40:47 - [MESSAGE][PASSED] - Verify response status code successfully

2021-08-30 17:40:47 - [TEST_STEP][PASSED] - verifyElementPropertyValue(response, "data.firstName", "William"): Verify element property value successfully

2021-08-30 17:40:47 - [MESSAGE][PASSED] - Verify element property value successfully

2021-08-30 17:40:47 - [TEST_STEP][PASSED] - verifyElementPropertyValue(response, "data.middleName", "Faisal"): Verify element property value successfully

2021-08-30 17:40:47 - [MESSAGE][PASSED] - Verify element property value successfully

2021-08-30 17:40:47 - [TEST_STEP][PASSED] - verifyElementPropertyValue(response, "data.lastName", "Mustafa"): Verify element property value successfully

2021-08-30 17:40:47 - [MESSAGE][PASSED] - Verify element property value successfully

2021-08-30 17:40:47 - [TEST_STEP][PASSED] - verifyElementPropertyValue(response, "data.code", "0002"): Verify element property value successfully

2021-08-30 17:40:47 - [MESSAGE][PASSED] - Verify element property value successfully

2021-08-30 17:40:47 - [TEST_STEP][PASSED] - verifyElementPropertyValue(response, "data.fullName", "William Faisal Mustafa"): Verify element property value successfully

2021-08-30 17:40:47 - [MESSAGE][PASSED] - Verify element property value successfully]]></system-out>
         <system-err><![CDATA[]]></system-err>
      </testcase>
      <testcase name="Test Cases/Employee/Save Employee Code Exists" time="0.651" classname="Test Cases/Employee/Save Employee Code Exists" status="PASSED">
         <system-out><![CDATA[2021-08-30 17:40:47 - [TEST_CASE][PASSED] - Test Cases/Employee/Save Employee Code Exists: Test Cases/Employee/Save Employee Code Exists

2021-08-30 17:40:47 - [TEST_STEP][PASSED] - response = sendRequest(findTestObject("Employee/Save Employee")): Send request successfully

2021-08-30 17:40:48 - [MESSAGE][INFO] - HAR: D:\QA training\Git\Big Project\BP_API_ORANGE_HRM\BP_Orange_HRM_API\Reports\20210830_174011\Main Suites\20210830_174011\requests\main\14.har

2021-08-30 17:40:48 - [MESSAGE][PASSED] - Send request successfully

2021-08-30 17:40:48 - [TEST_STEP][PASSED] - verifyResponseStatusCode(response, 400): Verify response status code successfully

2021-08-30 17:40:48 - [MESSAGE][PASSED] - Verify response status code successfully

2021-08-30 17:40:48 - [TEST_STEP][PASSED] - verifyElementPropertyValue(response, "error[0]", "Failed To Save: Employee Code Exists"): Verify element property value successfully

2021-08-30 17:40:48 - [MESSAGE][PASSED] - Verify element property value successfully]]></system-out>
         <system-err><![CDATA[]]></system-err>
      </testcase>
      <testcase name="Test Cases/Employee/Save Employee" time="3.928" classname="Test Cases/Employee/Save Employee" status="PASSED">
         <system-out><![CDATA[2021-08-30 17:40:48 - [TEST_CASE][PASSED] - Test Cases/Employee/Save Employee: Test Cases/Employee/Save Employee

2021-08-30 17:40:48 - [TEST_STEP][PASSED] - code = Math.abs(Random().nextInt() % 800 + 400): null

2021-08-30 17:40:48 - [TEST_STEP][PASSED] - ncode = code: null

2021-08-30 17:40:48 - [TEST_STEP][PASSED] - delay(3): Delayed 3 second(s)

2021-08-30 17:40:51 - [MESSAGE][PASSED] - Delayed 3 second(s)

2021-08-30 17:40:51 - [TEST_STEP][PASSED] - response = sendRequest(findTestObject("Employee/Save Employee", ["code":ncode])): Send request successfully

2021-08-30 17:40:51 - [MESSAGE][INFO] - HAR: D:\QA training\Git\Big Project\BP_API_ORANGE_HRM\BP_Orange_HRM_API\Reports\20210830_174011\Main Suites\20210830_174011\requests\main\15.har

2021-08-30 17:40:51 - [MESSAGE][PASSED] - Send request successfully

2021-08-30 17:40:51 - [TEST_STEP][PASSED] - verifyResponseStatusCode(response, 200): Verify response status code successfully

2021-08-30 17:40:51 - [MESSAGE][PASSED] - Verify response status code successfully

2021-08-30 17:40:51 - [TEST_STEP][PASSED] - verifyElementPropertyValue(response, "success", "Successfully Saved"): Verify element property value successfully

2021-08-30 17:40:52 - [MESSAGE][PASSED] - Verify element property value successfully]]></system-out>
         <system-err><![CDATA[]]></system-err>
      </testcase>
      <testcase name="Test Cases/Employee/Update Employee Detail" time="0.785" classname="Test Cases/Employee/Update Employee Detail" status="PASSED">
         <system-out><![CDATA[2021-08-30 17:40:52 - [TEST_CASE][PASSED] - Test Cases/Employee/Update Employee Detail: Test Cases/Employee/Update Employee Detail

2021-08-30 17:40:52 - [TEST_STEP][PASSED] - response = sendRequest(findTestObject("Employee/Update Employee Detail")): Send request successfully

2021-08-30 17:40:52 - [MESSAGE][INFO] - HAR: D:\QA training\Git\Big Project\BP_API_ORANGE_HRM\BP_Orange_HRM_API\Reports\20210830_174011\Main Suites\20210830_174011\requests\main\16.har

2021-08-30 17:40:52 - [MESSAGE][PASSED] - Send request successfully

2021-08-30 17:40:52 - [TEST_STEP][PASSED] - verifyResponseStatusCode(response, 200): Verify response status code successfully

2021-08-30 17:40:52 - [MESSAGE][PASSED] - Verify response status code successfully

2021-08-30 17:40:52 - [TEST_STEP][PASSED] - verifyElementPropertyValue(response, "success", "Successfully Updated"): Verify element property value successfully

2021-08-30 17:40:52 - [MESSAGE][PASSED] - Verify element property value successfully]]></system-out>
         <system-err><![CDATA[]]></system-err>
      </testcase>
      <system-out><![CDATA[2021-08-30 17:40:25 - [TEST_SUITE][PASSED] - Main Suites: Test Cases/Employee/Update Employee Detail]]></system-out>
      <system-err><![CDATA[]]></system-err>
   </testsuite>
</testsuites>
